<?xml version="1.0" encoding="UTF-8"?>
<testsuite xmlns:xsi="http://www.w3.org/2001/XMLSchema-instance" xsi:schemaLocation="https://maven.apache.org/surefire/maven-surefire-plugin/xsd/surefire-test-report.xsd" name="RunCucumberIT" time="4.555" tests="9" errors="0" skipped="0" failures="0">
  <properties>
    <property name="java.runtime.name" value="Java(TM) SE Runtime Environment"/>
    <property name="sun.boot.library.path" value="C:\Program Files\Java\jdk1.8.0_121\jre\bin"/>
    <property name="java.vm.version" value="25.121-b13"/>
    <property name="java.vm.vendor" value="Oracle Corporation"/>
    <property name="maven.multiModuleProjectDirectory" value="C:\Projects\ContentPipeline"/>
    <property name="java.vendor.url" value="http://java.oracle.com/"/>
    <property name="path.separator" value=";"/>
    <property name="guice.disable.misplaced.annotation.check" value="true"/>
    <property name="java.vm.name" value="Java HotSpot(TM) 64-Bit Server VM"/>
    <property name="file.encoding.pkg" value="sun.io"/>
    <property name="user.script" value=""/>
    <property name="user.country" value="GB"/>
    <property name="sun.java.launcher" value="SUN_STANDARD"/>
    <property name="sun.os.patch.level" value="Service Pack 1"/>
    <property name="java.vm.specification.name" value="Java Virtual Machine Specification"/>
    <property name="user.dir" value="C:\Projects\ContentPipeline"/>
    <property name="java.runtime.version" value="1.8.0_121-b13"/>
    <property name="java.awt.graphicsenv" value="sun.awt.Win32GraphicsEnvironment"/>
    <property name="java.endorsed.dirs" value="C:\Program Files\Java\jdk1.8.0_121\jre\lib\endorsed"/>
    <property name="os.arch" value="amd64"/>
    <property name="java.io.tmpdir" value="C:\Users\UC181137\AppData\Local\Temp\"/>
    <property name="line.separator" value="&#10;"/>
    <property name="java.vm.specification.vendor" value="Oracle Corporation"/>
    <property name="user.variant" value=""/>
    <property name="os.name" value="Windows 7"/>
    <property name="classworlds.conf" value="C:\Work\apache-maven-3.3.9\bin\..\bin\m2.conf"/>
    <property name="sun.jnu.encoding" value="Cp1252"/>
    <property name="java.library.path" value="C:\Program Files\Java\jdk1.8.0_121\bin;C:\windows\Sun\Java\bin;C:\windows\system32;C:\windows;C:\ProgramData\Oracle\Java\javapath;C:\Program Files (x86)\Intel\iCLS Client\;C:\Program Files\Intel\iCLS Client\;C:\windows\system32;C:\windows;C:\windows\System32\Wbem;C:\windows\System32\WindowsPowerShell\v1.0\;C:\Program Files (x86)\QuickTime\QTSystem\;C:\Program Files\Java\jdk1.8.0_121\bin;C:\Work\apache-maven-3.3.9\bin;C:\Sikuli\libs;C:\Sikuli;C:\Softwares\adt-bundle-windows\sdk\platform-tools;C:\Softwares\adt-bundle-windows\sdk\tools;C:\Program Files (x86)\Microsoft Team Foundation Server 2010 Power Tools\;C:\Program Files (x86)\Microsoft Team Foundation Server 2010 Power Tools\Best Practices Analyzer\;C:\Softwares\chromedriver_win32;C:\Softwares\adt-bundle-windows\sdk\build-tools\19.1.0;C:\Program Files\TortoiseSVN\bin;C:\Program Files (x86)\Plantronics\PlantronicsURE\;C:\Program Files (x86)\Sennheiser\SoftphoneSDK\;C:\Program Files\Intel\Intel(R) Management Engine Components\DAL;C:\Program Files\Intel\Intel(R) Management Engine Components\IPT;C:\Program Files (x86)\Intel\Intel(R) Management Engine Components\DAL;C:\Program Files (x86)\Intel\Intel(R) Management Engine Components\IPT;C:\Program Files\Intel\WiFi\bin\;C:\Program Files\Common Files\Intel\WirelessCommon\;C:\Program Files\nodejs;C:\Users\UC181137\AppData\Roaming\npm;C:\Program Files\TortoiseGit\bin;C:\Work\Performance\apache-jmeter-2.12\bin;C:\Program Files (x86)\BIOVIA\BIOVIA Draw 2016\;C:\Program Files (x86)\Accelrys\Accelrys Draw 4.1\\lib;C:\Program Files\PuTTY\;C:\Work\curl-7.54.1-win64\bin\;C:\Program Files (x86)\Greenplum\greenplum-connectivity-4.3.14.0\bin;C:\Program Files (x86)\Greenplum\greenplum-connectivity-4.3.14.0\lib;C:\Ruby193\bin;C:\Users\UC181137\Downloads\libs;C:\Sikuli\libs;C:\Program Files\Java\jdk1.8.0_121\bin;C:\Work\apache-maven-3.3.9\bin;C:\Program Files\Intel\WiFi\bin\;C:\Program Files\Common Files\Intel\WirelessCommon\;."/>
    <property name="java.specification.name" value="Java Platform API Specification"/>
    <property name="java.class.version" value="52.0"/>
    <property name="sun.management.compiler" value="HotSpot 64-Bit Tiered Compilers"/>
    <property name="os.version" value="6.1"/>
    <property name="user.home" value="C:\Users\UC181137"/>
    <property name="user.timezone" value="Europe/London"/>
    <property name="java.awt.printerjob" value="sun.awt.windows.WPrinterJob"/>
    <property name="java.specification.version" value="1.8"/>
    <property name="file.encoding" value="Cp1252"/>
    <property name="user.name" value="UC181137"/>
    <property name="java.class.path" value="C:\Work\apache-maven-3.3.9\bin\..\boot\plexus-classworlds-2.5.2.jar"/>
    <property name="java.vm.specification.version" value="1.8"/>
    <property name="sun.arch.data.model" value="64"/>
    <property name="java.home" value="C:\Program Files\Java\jdk1.8.0_121\jre"/>
    <property name="sun.java.command" value="org.codehaus.plexus.classworlds.launcher.Launcher clean install"/>
    <property name="java.specification.vendor" value="Oracle Corporation"/>
    <property name="user.language" value="en"/>
    <property name="awt.toolkit" value="sun.awt.windows.WToolkit"/>
    <property name="java.vm.info" value="mixed mode"/>
    <property name="java.version" value="1.8.0_121"/>
    <property name="java.ext.dirs" value="C:\Program Files\Java\jdk1.8.0_121\jre\lib\ext;C:\windows\Sun\Java\lib\ext"/>
    <property name="sun.boot.class.path" value="C:\Program Files\Java\jdk1.8.0_121\jre\lib\resources.jar;C:\Program Files\Java\jdk1.8.0_121\jre\lib\rt.jar;C:\Program Files\Java\jdk1.8.0_121\jre\lib\sunrsasign.jar;C:\Program Files\Java\jdk1.8.0_121\jre\lib\jsse.jar;C:\Program Files\Java\jdk1.8.0_121\jre\lib\jce.jar;C:\Program Files\Java\jdk1.8.0_121\jre\lib\charsets.jar;C:\Program Files\Java\jdk1.8.0_121\jre\lib\jfr.jar;C:\Program Files\Java\jdk1.8.0_121\jre\classes"/>
    <property name="sun.stderr.encoding" value="cp850"/>
    <property name="java.vendor" value="Oracle Corporation"/>
    <property name="maven.home" value="C:\Work\apache-maven-3.3.9\bin\.."/>
    <property name="file.separator" value="\"/>
    <property name="java.vendor.url.bug" value="http://bugreport.sun.com/bugreport/"/>
    <property name="sun.cpu.endian" value="little"/>
    <property name="sun.io.unicode.encoding" value="UnicodeLittle"/>
    <property name="sun.stdout.encoding" value="cp850"/>
    <property name="sun.desktop" value="windows"/>
    <property name="sun.cpu.isalist" value="amd64"/>
  </properties>
  <testcase name="Given I set variable A as &quot;100&quot;" classname="Scenario: Check sum" time="0.001"/>
  <testcase name="And I set variable B as &quot;23&quot;" classname="Scenario: Check sum" time="0"/>
  <testcase name="When I perform A plus B" classname="Scenario: Check sum" time="0"/>
  <testcase name="Then result value should be &quot;123&quot;" classname="Scenario: Check sum" time="0"/>
  <testcase name="Scenario: Check sum" classname="Scenario: Check sum" time="0.109"/>
  <testcase name="Given batch file &quot;&quot; has been setup for testing data" classname="Scenario: Check the Counts for Company, ConfReport and Corp Public in Count_Test_Suite01,Count_Test_Suite02 test suites" time="0"/>
  <testcase name="When the batch files runs in the environment" classname="Scenario: Check the Counts for Company, ConfReport and Corp Public in Count_Test_Suite01,Count_Test_Suite02 test suites" time="0"/>
  <testcase name="Then it should be successful" classname="Scenario: Check the Counts for Company, ConfReport and Corp Public in Count_Test_Suite01,Count_Test_Suite02 test suites" time="0"/>
  <testcase name="Scenario: Check the Counts for Company, ConfReport and Corp Public in Count_Test_Suite01,Count_Test_Suite02 test suites" classname="Scenario: Check the Counts for Company, ConfReport and Corp Public in Count_Test_Suite01,Count_Test_Suite02 test suites" time="0"/>
</testsuite>